Oct-11 06:12:10.972 [main] DEBUG nextflow.cli.Launcher - Setting http proxy: [10.99.0.130, 3128]
Oct-11 06:12:11.102 [main] DEBUG nextflow.cli.Launcher - Setting https proxy: [10.99.0.130, 3128]
Oct-11 06:12:11.102 [main] DEBUG nextflow.cli.Launcher - $> nextflow run script1.nf
Oct-11 06:12:11.190 [main] INFO  nextflow.cli.CmdRun - N E X T F L O W  ~  version 20.10.0
Oct-11 06:12:11.205 [main] INFO  nextflow.cli.CmdRun - Launching `script1.nf` [disturbed_hamilton] - revision: badb760761
Oct-11 06:12:11.269 [main] DEBUG nextflow.config.ConfigBuilder - Found config local: /work/rc/s.sekar/Fall2022Training_Bioinformatics/training-bioinformatics/Exercise4/nextflow.config
Oct-11 06:12:11.283 [main] DEBUG nextflow.config.ConfigBuilder - Parsing config file: /work/rc/s.sekar/Fall2022Training_Bioinformatics/training-bioinformatics/Exercise4/nextflow.config
Oct-11 06:12:11.338 [main] DEBUG nextflow.config.ConfigBuilder - Applying config profile: `standard`
Oct-11 06:12:13.045 [main] DEBUG nextflow.Session - Session uuid: dbfebc99-0d54-42f9-a94b-370ca37daca2
Oct-11 06:12:13.045 [main] DEBUG nextflow.Session - Run name: disturbed_hamilton
Oct-11 06:12:13.046 [main] DEBUG nextflow.Session - Executor pool size: 2
Oct-11 06:12:13.079 [main] DEBUG nextflow.cli.CmdRun - 
  Version: 20.10.0 build 5430
  Created: 01-11-2020 15:14 UTC (10:14 EDT)
  System: Linux 3.10.0-1160.25.1.el7.x86_64
  Runtime: Groovy 3.0.5 on OpenJDK 64-Bit Server VM 1.8.0_152-release-1056-b12
  Encoding: UTF-8 (UTF-8)
  Process: 13655@c0226 [10.99.250.106]
  CPUs: 1 - Mem: 125.1 GB (37.2 GB) - Swap: 19.5 GB (19.1 GB)
Oct-11 06:12:13.160 [main] DEBUG nextflow.Session - Work-dir: /work/rc/s.sekar/Fall2022Training_Bioinformatics/training-bioinformatics/Exercise4/work [nfs]
Oct-11 06:12:13.161 [main] DEBUG nextflow.Session - Script base path does not exist or is not a directory: /work/rc/s.sekar/Fall2022Training_Bioinformatics/training-bioinformatics/Exercise4/bin
Oct-11 06:12:13.271 [main] DEBUG nextflow.Session - Observer factory: TowerFactory
Oct-11 06:12:13.273 [main] DEBUG nextflow.Session - Observer factory: DefaultObserverFactory
Oct-11 06:12:13.649 [main] DEBUG nextflow.Session - Session start invoked
Oct-11 06:12:13.971 [main] DEBUG nextflow.script.ScriptRunner - > Launching execution
Oct-11 06:12:14.024 [main] DEBUG nextflow.Session - Workflow process names [dsl1]: 
Oct-11 06:12:14.034 [main] DEBUG nextflow.script.ScriptRunner - > Await termination 
Oct-11 06:12:14.034 [main] DEBUG nextflow.Session - Session await
Oct-11 06:12:14.034 [main] DEBUG nextflow.Session - Session await > all process finished
Oct-11 06:12:14.034 [main] DEBUG nextflow.Session - Session await > all barriers passed
Oct-11 06:12:14.064 [main] DEBUG nextflow.trace.WorkflowStatsObserver - Workflow completed > WorkflowStats[succeededCount=0; failedCount=0; ignoredCount=0; cachedCount=0; pendingCount=0; submittedCount=0; runningCount=0; retriesCount=0; abortedCount=0; succeedDuration=0ms; failedDuration=0ms; cachedDuration=0ms;loadCpus=0; loadMemory=0; peakRunning=0; peakCpus=0; peakMemory=0; ]
Oct-11 06:12:14.149 [main] DEBUG nextflow.CacheDB - Closing CacheDB done
Oct-11 06:12:14.217 [main] DEBUG nextflow.script.ScriptRunner - > Execution complete -- Goodbye
